0 info it worked if it ends with ok
1 verbose cli [ 'node', '/usr/local/bin/npm', 'install', 'tinder' ]
2 info using npm@1.4.15
3 info using node@v0.10.28
4 verbose node symlink /usr/local/bin/node
5 verbose readDependencies using package.json deps
6 verbose cache add [ 'tinder', null ]
7 verbose cache add name=undefined spec="tinder" args=["tinder",null]
8 verbose parsed url { protocol: null,
8 verbose parsed url   slashes: null,
8 verbose parsed url   auth: null,
8 verbose parsed url   host: null,
8 verbose parsed url   port: null,
8 verbose parsed url   hostname: null,
8 verbose parsed url   hash: null,
8 verbose parsed url   search: null,
8 verbose parsed url   query: null,
8 verbose parsed url   pathname: 'tinder',
8 verbose parsed url   path: 'tinder',
8 verbose parsed url   href: 'tinder' }
9 silly lockFile 35e0ae4e-tinder tinder
10 verbose lock tinder /Users/asb/.npm/35e0ae4e-tinder.lock
11 silly lockFile 35e0ae4e-tinder tinder
12 silly lockFile 35e0ae4e-tinder tinder
13 verbose addNamed [ 'tinder', '' ]
14 verbose addNamed [ null, '*' ]
15 silly lockFile 037a9f60-tinder tinder@
16 verbose lock tinder@ /Users/asb/.npm/037a9f60-tinder.lock
17 silly addNameRange { name: 'tinder', range: '*', hasData: false }
18 verbose url raw tinder
19 verbose url resolving [ 'https://registry.npmjs.org/', './tinder' ]
20 verbose url resolved https://registry.npmjs.org/tinder
21 info trying registry request attempt 1 at 13:25:33
22 http GET https://registry.npmjs.org/tinder
23 http 404 https://registry.npmjs.org/tinder
24 silly registry.get cb [ 404,
24 silly registry.get   { date: 'Sat, 20 Sep 2014 17:25:33 GMT',
24 silly registry.get     server: 'CouchDB/1.5.0 (Erlang OTP/R14B04)',
24 silly registry.get     etag: '"2KA7PWFUA97EVX58U1ZP7HJ4M"',
24 silly registry.get     'content-type': 'application/json',
24 silly registry.get     'cache-control': 'max-age=0',
24 silly registry.get     'content-length': '401',
24 silly registry.get     'accept-ranges': 'bytes',
24 silly registry.get     via: '1.1 varnish',
24 silly registry.get     age: '0',
24 silly registry.get     'x-served-by': 'cache-jfk1035-JFK',
24 silly registry.get     'x-cache': 'MISS',
24 silly registry.get     'x-cache-hits': '0',
24 silly registry.get     'x-timer': 'S1411233933.658201,VS0,VE91',
24 silly registry.get     vary: 'Accept',
24 silly registry.get     'keep-alive': 'timeout=10, max=50',
24 silly registry.get     connection: 'Keep-Alive' } ]
25 silly lockFile 037a9f60-tinder tinder@
26 silly lockFile 037a9f60-tinder tinder@
27 error 404 Not Found
27 error 404
27 error 404 'tinder' is not in the npm registry.
27 error 404 You should bug the author to publish it
27 error 404 It was specified as a dependency of 'twitch-plays-tinder-server'
27 error 404
27 error 404 Note that you can also install from a
27 error 404 tarball, folder, or http url, or git url.
28 error System Darwin 14.0.0
29 error command "node" "/usr/local/bin/npm" "install" "tinder"
30 error cwd /Users/asb/D/G/twitch-plays-tinder/twitch-plays-tinder-server
31 error node -v v0.10.28
32 error npm -v 1.4.15
33 error code E404
34 verbose exit [ 1, true ]
